2021-05-11 02:54:34.653 [main] DEBUG org.example.App - We've just greeted the user!
2021-05-11 02:54:34.669 [main] INFO  org.example.App - We've just greeted the user!
2021-05-11 02:54:34.669 [main] WARN  org.example.App - We've just greeted the user!
2021-05-11 02:54:34.669 [main] ERROR org.example.App - We've just greeted the user!
2021-05-11 02:54:34.669 [main] FATAL org.example.App - We've just greeted the user!
2021-05-11 03:02:56.973 [main] INFO  teamup.tests.calendar.CalendarTests - File already exists.
2021-05-11 03:02:57.087 [main] DEBUG teamup.tests.calendar.CalendarTests - We've just greeted the user!
2021-05-11 03:02:57.088 [main] INFO  teamup.tests.calendar.CalendarTests - We've just greeted the user!
2021-05-11 03:02:57.088 [main] WARN  teamup.tests.calendar.CalendarTests - We've just greeted the user!
2021-05-11 03:02:57.088 [main] ERROR teamup.tests.calendar.CalendarTests - We've just greeted the user!
2021-05-11 03:02:57.088 [main] FATAL teamup.tests.calendar.CalendarTests - We've just greeted the user!
2021-05-11 03:29:36.592 [main] INFO  teamup.tests.calendar.CalendarTests - 0
2021-05-11 03:32:41.154 [main] INFO  teamup.tests.calendar.CalendarTests - 0
2021-05-11 03:32:47.259 [main] INFO  teamup.tests.calendar.CalendarTests - 1
2021-05-11 03:37:54.848 [main] INFO  teamup.tests.calendar.CalendarTests - Events before remove: 1
2021-05-11 03:37:57.766 [main] INFO  teamup.tests.calendar.CalendarTests - Events after remove: 0
2021-05-11 03:37:57.767 [main] INFO  teamup.tests.calendar.CalendarTests - Result: there was one event removed: 0
2021-05-11 03:38:15.663 [main] INFO  teamup.tests.calendar.CalendarTests - Events before remove: 0
2021-05-11 03:38:19.068 [main] INFO  teamup.tests.calendar.CalendarTests - Events after remove and recover: 1
2021-05-11 03:38:19.068 [main] INFO  teamup.tests.calendar.CalendarTests - Result: there was1event removed and recovered
2021-05-11 03:38:34.995 [main] INFO  teamup.tests.calendar.CalendarTests - 3
2021-05-11 03:38:34.995 [main] INFO  teamup.tests.calendar.CalendarTests - Calendar list before remove: 3
2021-05-11 03:38:41.321 [main] INFO  teamup.tests.calendar.CalendarTests - 0
2021-05-11 03:38:41.321 [main] INFO  teamup.tests.calendar.CalendarTests - Calendar list after remove: 0
2021-05-11 03:38:41.321 [main] INFO  teamup.tests.calendar.CalendarTests - Result: there was one calendar removed: 0
2021-05-11 03:38:54.291 [main] INFO  teamup.tests.calendar.CalendarTests - 0
2021-05-11 03:38:58.589 [main] INFO  teamup.tests.calendar.CalendarTests - 1
2021-05-11 03:40:00.465 [main] INFO  teamup.tests.calendar.CalendarTests - Events before changing: 0
2021-05-11 03:40:02.629 [main] INFO  teamup.tests.calendar.CalendarTests - Events after changing: 1
2021-05-11 03:40:18.381 [main] INFO  teamup.tests.calendar.CalendarTests - Events before changing: 1
2021-05-11 03:40:20.884 [main] INFO  teamup.tests.calendar.CalendarTests - Events after changing: 1
2021-05-11 03:40:20.978 [main] INFO  teamup.tests.calendar.CalendarTests - Event name before changing: 1
2021-05-11 03:40:20.978 [main] INFO  teamup.tests.calendar.CalendarTests - Event name before changing: @
2021-05-11 03:40:37.275 [main] INFO  teamup.tests.calendar.CalendarTests - Events before changing: 1
2021-05-11 03:52:52.968 [main] INFO  teamup.tests.calendar.CalendarTests - Events before creation: 0
